TN:
SF:src/faucet/Faucet.sol
DA:67,0
FN:67,Faucet.constructor
FNDA:0,Faucet.constructor
DA:68,0
DA:69,0
DA:70,0
DA:71,0
DA:77,0
FN:77,Faucet.claim
FNDA:0,Faucet.claim
DA:78,0
BRDA:78,0,0,-
DA:79,0
BRDA:79,1,0,-
DA:81,0
DA:82,0
DA:83,0
BRDA:83,2,0,-
DA:85,0
DA:86,0
BRDA:86,3,0,-
DA:87,0
DA:88,0
DA:91,0
BRDA:91,4,0,-
DA:92,0
BRDA:92,5,0,-
DA:93,0
DA:94,0
BRDA:94,6,0,-
DA:97,0
DA:98,0
BRDA:98,7,0,-
DA:99,0
DA:100,0
BRDA:100,8,0,-
DA:101,0
BRDA:101,9,0,-
DA:104,0
DA:105,0
BRDA:105,10,0,-
DA:107,0
DA:108,0
DA:110,0
DA:111,0
DA:114,0
FN:114,Faucet.setCooldown
FNDA:0,Faucet.setCooldown
DA:115,0
DA:116,0
BRDA:116,11,0,-
DA:117,0
DA:118,0
DA:121,0
FN:121,Faucet.setPerClaim
FNDA:0,Faucet.setPerClaim
DA:122,0
BRDA:122,12,0,-
DA:123,0
DA:124,0
DA:127,0
FN:127,Faucet.setDailyCap
FNDA:0,Faucet.setDailyCap
DA:128,0
BRDA:128,13,0,-
BRDA:128,13,1,-
DA:129,0
DA:131,0
BRDA:131,14,0,-
DA:132,0
DA:134,0
DA:137,0
FN:137,Faucet.pause
FNDA:0,Faucet.pause
DA:138,0
FN:138,Faucet.unpause
FNDA:0,Faucet.unpause
DA:140,0
FN:140,Faucet.systemRemainingToday
FNDA:0,Faucet.systemRemainingToday
DA:141,0
DA:142,0
DA:143,0
DA:144,0
DA:145,0
DA:146,0
DA:149,0
FN:149,Faucet.nextAvailableAt
FNDA:0,Faucet.nextAvailableAt
DA:150,0
DA:151,0
DA:152,0
DA:153,0
DA:154,0
DA:157,0
FN:157,Faucet.perClaim
FNDA:0,Faucet.perClaim
DA:158,0
FN:158,Faucet.cooldownSec
FNDA:0,Faucet.cooldownSec
DA:159,0
FN:159,Faucet.treasury
FNDA:0,Faucet.treasury
DA:163,0
FN:163,Faucet.paidPassEnabled
FNDA:0,Faucet.paidPassEnabled
DA:164,0
FN:164,Faucet.passPriceEth
FNDA:0,Faucet.passPriceEth
DA:167,0
FN:167,Faucet.hasActivePass
FNDA:0,Faucet.hasActivePass
DA:168,0
DA:169,0
DA:173,0
FN:173,Faucet.buyDailyPass
FNDA:0,Faucet.buyDailyPass
DA:174,0
BRDA:174,18,0,-
DA:175,0
DA:176,0
BRDA:176,19,0,-
DA:178,0
DA:179,0
BRDA:179,20,0,-
DA:180,0
BRDA:180,21,0,-
DA:182,0
DA:184,0
BRDA:184,22,0,-
DA:185,0
DA:186,0
BRDA:186,23,0,-
DA:189,0
DA:195,0
FN:195,Faucet.fundVault
FNDA:0,Faucet.fundVault
DA:196,0
BRDA:196,24,0,-
DA:197,0
DA:198,0
DA:202,0
FN:202,Faucet.setTreasury
FNDA:0,Faucet.setTreasury
DA:203,0
BRDA:203,25,0,-
DA:204,0
DA:206,0
DA:210,0
FN:210,Faucet.setPaidPass
FNDA:0,Faucet.setPaidPass
DA:211,0
BRDA:211,26,0,-
DA:212,0
DA:213,0
DA:214,0
DA:215,0
DA:219,0
FN:219,Faucet.setPassPriceEth
FNDA:0,Faucet.setPassPriceEth
DA:220,0
BRDA:220,27,0,-
DA:221,0
DA:222,0
DA:227,0
FN:227,Faucet.blacklistEnabled
FNDA:0,Faucet.blacklistEnabled
DA:228,0
FN:228,Faucet.isBlacklisted
FNDA:0,Faucet.isBlacklisted
DA:230,0
FN:230,Faucet.setBlacklistEnabled
FNDA:0,Faucet.setBlacklistEnabled
DA:231,0
DA:232,0
DA:235,0
FN:235,Faucet.setBlacklisted
FNDA:0,Faucet.setBlacklisted
DA:236,0
DA:237,0
DA:238,0
DA:244,0
FN:244,Faucet.sweepEth
FNDA:0,Faucet.sweepEth
DA:245,0
DA:246,0
BRDA:246,28,0,-
DA:247,0
BRDA:247,29,0,-
DA:249,0
DA:250,0
BRDA:250,30,0,-
DA:252,0
DA:256,0
FN:256,Faucet.sweepToken
FNDA:0,Faucet.sweepToken
DA:257,0
BRDA:257,31,0,-
DA:258,0
DA:259,0
BRDA:259,32,0,-
DA:261,0
DA:262,0
BRDA:262,33,0,-
DA:264,0
DA:265,0
BRDA:265,34,0,-
DA:267,0
DA:268,0
FNF:26
FNH:0
LF:124
LH:0
BRF:33
BRH:0
end_of_record
TN:
SF:src/faucet/FaucetV2.sol
DA:96,21
FN:96,FaucetV2.constructor
FNDA:21,FaucetV2.constructor
DA:99,21
BRDA:99,0,0,2
DA:100,19
DA:101,19
DA:102,19
DA:103,19
BRDA:103,1,0,19
DA:104,19
DA:105,19
DA:109,19
FN:109,FaucetV2.currentDay
FNDA:19,FaucetV2.currentDay
DA:110,32
DA:114,1
FN:114,FaucetV2.balanceOfToken
FNDA:1,FaucetV2.balanceOfToken
DA:115,1
DA:118,2
FN:118,FaucetV2._isNonceUsed
FNDA:2,FaucetV2._isNonceUsed
DA:119,2
DA:120,2
DA:121,2
DA:125,21
FN:125,FaucetV2.setTokenWhitelist
FNDA:21,FaucetV2.setTokenWhitelist
DA:126,20
DA:127,20
DA:130,21
FN:130,FaucetV2.setTokenDailyCap
FNDA:21,FaucetV2.setTokenDailyCap
DA:131,21
DA:132,21
DA:135,4
FN:135,FaucetV2.setPassPriceWei
FNDA:4,FaucetV2.setPassPriceWei
DA:136,3
DA:137,3
DA:140,2
FN:140,FaucetV2.setTreasury
FNDA:2,FaucetV2.setTreasury
DA:141,2
BRDA:141,2,0,1
DA:142,1
DA:143,1
DA:147,38
FN:147,FaucetV2.fund
FNDA:38,FaucetV2.fund
DA:148,37
DA:151,5
FN:151,FaucetV2.sweepETH
FNDA:5,FaucetV2.sweepETH
DA:152,5
BRDA:152,3,0,1
DA:153,4
BRDA:153,4,0,2
DA:154,2
DA:155,2
BRDA:155,5,0,1
DA:156,1
DA:159,3
FN:159,FaucetV2.sweepToken
FNDA:3,FaucetV2.sweepToken
DA:160,2
DA:161,2
DA:165,4
FN:165,FaucetV2.payPass
FNDA:4,FaucetV2.payPass
DA:166,3
DA:167,3
BRDA:167,6,0,1
DA:168,2
BRDA:168,7,0,1
DA:170,1
DA:172,1
DA:187,6
FN:187,FaucetV2._emitClaim
FNDA:6,FaucetV2._emitClaim
DA:188,6
DA:192,14
FN:192,FaucetV2.claimWithSig
FNDA:14,FaucetV2.claimWithSig
DA:194,13
BRDA:194,8,0,1
DA:196,12
DA:197,12
BRDA:197,9,0,1
DA:198,11
BRDA:198,10,0,1
DA:202,10
DA:203,10
DA:204,10
DA:205,10
BRDA:205,11,0,1
DA:206,9
DA:211,9
DA:214,9
DA:215,9
BRDA:215,12,0,1
DA:219,8
DA:220,8
BRDA:220,13,0,1
DA:221,1
DA:222,1
DA:224,8
DA:226,8
DA:227,8
BRDA:227,14,0,1
DA:230,7
BRDA:230,15,0,1
DA:231,1
DA:235,6
DA:236,6
DA:239,6
DA:243,1
FN:243,FaucetV2.pause
FNDA:1,FaucetV2.pause
DA:244,1
DA:247,1
FN:247,FaucetV2.unpause
FNDA:1,FaucetV2.unpause
DA:248,1
FNF:16
FNH:16
LF:77
LH:77
BRF:16
BRH:16
end_of_record
TN:
SF:src/guard/GuardedRouter.sol
DA:53,25
FN:53,GuardedRouter.constructor
FNDA:25,GuardedRouter.constructor
DA:61,25
BRDA:61,0,0,-
DA:62,25
DA:63,25
DA:64,25
DA:68,3
FN:68,GuardedRouter.setOracleRouter
FNDA:3,GuardedRouter.setOracleRouter
DA:69,2
BRDA:69,1,0,1
DA:70,1
DA:71,1
DA:74,3
FN:74,GuardedRouter.setDefaults
FNDA:3,GuardedRouter.setDefaults
DA:75,2
DA:76,2
DA:80,7
FN:80,GuardedRouter.setPairCfg
FNDA:7,GuardedRouter.setPairCfg
DA:81,6
DA:82,6
DA:83,6
DA:93,3
FN:93,GuardedRouter.checkPriceNow
FNDA:3,GuardedRouter.checkPriceNow
DA:98,3
DA:99,3
DA:100,2
DA:102,2
DA:106,17
FN:106,GuardedRouter.checkSwapExactIn
FNDA:17,GuardedRouter.checkSwapExactIn
DA:111,17
DA:113,14
DA:116,12
DA:117,12
DA:120,11
DA:121,11
DA:124,11
DA:127,11
DA:128,11
DA:129,11
DA:133,3
FN:133,GuardedRouter.checkSwapExactOut
FNDA:3,GuardedRouter.checkSwapExactOut
DA:138,3
DA:140,3
DA:143,2
DA:144,2
DA:148,1
DA:149,1
DA:150,1
DA:153,1
DA:156,1
DA:157,1
DA:158,1
DA:166,2
FN:166,GuardedRouter._oracleAndPolicy
FNDA:2,GuardedRouter._oracleAndPolicy
DA:171,2
DA:172,2
DA:174,2
DA:176,2
BRDA:176,7,0,1
BRDA:176,7,1,-
DA:177,1
DA:178,1
DA:179,1
DA:181,1
DA:182,1
DA:183,1
DA:189,17
FN:189,GuardedRouter._oracleAndLimit
FNDA:17,GuardedRouter._oracleAndLimit
DA:194,17
DA:195,17
DA:196,17
DA:198,17
DA:200,17
BRDA:200,8,0,2
BRDA:200,8,1,1
DA:201,2
DA:202,2
DA:204,15
DA:205,15
DA:210,14
FN:210,GuardedRouter._orientedReserves
FNDA:14,GuardedRouter._orientedReserves
DA:215,14
DA:216,14
DA:217,13
DA:218,13
DA:219,13
BRDA:219,10,0,11
BRDA:219,10,1,2
DA:220,11
DA:222,2
DA:235,3
FN:235,GuardedRouter._oriented
FNDA:3,GuardedRouter._oriented
DA:236,3
DA:237,3
DA:238,2
DA:239,2
DA:240,2
DA:241,2
BRDA:241,12,0,2
BRDA:241,12,1,-
DA:242,2
DA:243,2
DA:244,2
DA:246,0
DA:247,0
DA:248,0
DA:253,19
FN:253,GuardedRouter._pairPolicy
FNDA:19,GuardedRouter._pairPolicy
DA:254,19
DA:255,19
DA:256,19
BRDA:256,13,0,5
BRDA:256,13,1,2
DA:257,5
DA:258,5
DA:260,14
DA:261,14
DA:266,25
FN:266,GuardedRouter._pairKeySorted
FNDA:25,GuardedRouter._pairKeySorted
DA:267,25
DA:268,25
DA:272,20
FN:272,GuardedRouter._validatePath2
FNDA:20,GuardedRouter._validatePath2
DA:273,20
BRDA:273,14,0,1
DA:274,19
BRDA:274,15,0,2
DA:278,12
FN:278,GuardedRouter._devBps
FNDA:12,GuardedRouter._devBps
DA:279,12
DA:280,12
DA:281,12
FNF:15
FNH:15
LF:104
LH:101
BRF:14
BRH:11
end_of_record
TN:
SF:src/oracle/ChainlinkOracle.sol
DA:61,44
FN:61,ChainlinkOracle.setUSDFeed
FNDA:44,ChainlinkOracle.setUSDFeed
DA:62,43
DA:63,43
DA:69,6
FN:69,ChainlinkOracle.getUSDPrice
FNDA:6,ChainlinkOracle.getUSDPrice
DA:75,16
DA:78,16
BRDA:78,0,0,6
DA:81,6
DA:85,10
DA:86,10
BRDA:86,1,0,1
DA:91,9
DA:93,9
DA:94,9
BRDA:94,2,0,4
BRDA:94,2,1,4
DA:95,5
BRDA:95,3,0,1
BRDA:95,3,1,4
DA:96,4
DA:98,9
DA:102,5
FN:102,ChainlinkOracle.latestAnswer
FNDA:5,ChainlinkOracle.latestAnswer
DA:109,5
DA:110,5
DA:113,5
BRDA:113,4,0,1
DA:114,4
DA:117,4
DA:118,4
DA:119,4
DA:120,4
DA:122,4
BRDA:122,5,0,1
BRDA:122,5,1,1
DA:123,1
DA:124,1
DA:125,1
BRDA:125,6,0,1
BRDA:125,6,1,1
DA:126,1
DA:127,1
DA:128,1
BRDA:128,7,0,1
BRDA:128,7,1,1
DA:129,1
DA:130,1
DA:132,1
DA:133,1
FNF:3
FNH:3
LF:35
LH:35
BRF:13
BRH:13
end_of_record
TN:
SF:src/tokens/Vtoken.sol
DA:16,6
FN:16,VToken.constructor
FNDA:6,VToken.constructor
DA:20,6
DA:23,3
FN:23,VToken.decimals
FNDA:3,VToken.decimals
DA:24,3
DA:28,264
FN:28,VToken.mint
FNDA:264,VToken.mint
DA:29,5
FNF:3
FNH:3
LF:6
LH:6
BRF:0
BRH:0
end_of_record
TN:
SF:test/FaucetV2.t.sol
DA:57,36
FN:57,MintableToken.constructor
FNDA:36,MintableToken.constructor
DA:60,36
DA:63,0
FN:63,MintableToken.decimals
FNDA:0,MintableToken.decimals
DA:64,0
DA:67,36
FN:67,MintableToken.mint
FNDA:36,MintableToken.mint
DA:68,36
DA:75,1
FN:75,FailingTreasury.receive
FNDA:1,FailingTreasury.receive
DA:76,1
DA:94,12
FN:94,FaucetV2Harness.hashRequest
FNDA:12,FaucetV2Harness.hashRequest
DA:95,12
DA:103,2
FN:103,FaucetV2Harness.isNonceUsed
FNDA:2,FaucetV2Harness.isNonceUsed
DA:104,2
FNF:6
FNH:5
LF:12
LH:10
BRF:0
BRH:0
end_of_record
TN:
SF:test/Mock.sol
DA:27,52
FN:27,MockOracleRouter._key
FNDA:52,MockOracleRouter._key
DA:28,52
DA:29,52
DA:33,33
FN:33,MockOracleRouter.setPairPrice
FNDA:33,MockOracleRouter.setPairPrice
DA:34,33
DA:36,0
FN:36,MockOracleRouter.setUSD
FNDA:0,MockOracleRouter.setUSD
DA:37,0
DA:41,19
FN:41,MockOracleRouter.latestAnswer
FNDA:19,MockOracleRouter.latestAnswer
DA:46,19
DA:47,19
BRDA:47,0,0,-
BRDA:47,0,1,19
DA:48,19
DA:51,0
FN:51,MockOracleRouter.getUSDPrice
FNDA:0,MockOracleRouter.getUSDPrice
DA:56,0
DA:57,0
BRDA:57,1,0,-
BRDA:57,1,1,-
DA:58,0
DA:72,26
FN:72,MockV2Pair.constructor
FNDA:26,MockV2Pair.constructor
DA:73,26
DA:74,26
DA:75,26
DA:76,26
DA:77,26
DA:81,2
FN:81,MockV2Pair.setReserves
FNDA:2,MockV2Pair.setReserves
DA:82,2
DA:83,2
DA:84,2
DA:87,15
FN:87,MockV2Pair.getReserves
FNDA:15,MockV2Pair.getReserves
DA:88,15
DA:98,43
FN:98,MockV2Factory._key
FNDA:43,MockV2Factory._key
DA:99,43
DA:100,43
DA:104,26
FN:104,MockV2Factory.setPair
FNDA:26,MockV2Factory.setPair
DA:105,26
DA:109,0
FN:109,MockV2Factory.createPair
FNDA:0,MockV2Factory.createPair
DA:110,0
BRDA:110,0,0,-
BRDA:110,0,1,-
DA:111,0
DA:112,0
DA:113,0
DA:117,17
FN:117,MockV2Factory.getPair
FNDA:17,MockV2Factory.getPair
DA:118,17
DA:122,0
FN:122,MockV2Factory.feeTo
FNDA:0,MockV2Factory.feeTo
DA:123,0
FN:123,MockV2Factory.feeToSetter
FNDA:0,MockV2Factory.feeToSetter
DA:124,0
FN:124,MockV2Factory.allPairs
FNDA:0,MockV2Factory.allPairs
DA:125,0
FN:125,MockV2Factory.allPairsLength
FNDA:0,MockV2Factory.allPairsLength
DA:126,0
FN:126,MockV2Factory.setFeeTo
FNDA:0,MockV2Factory.setFeeTo
DA:127,0
FN:127,MockV2Factory.setFeeToSetter
FNDA:0,MockV2Factory.setFeeToSetter
DA:138,39
FN:138,MockAggregatorV3.constructor
FNDA:39,MockAggregatorV3.constructor
DA:139,39
DA:140,39
DA:141,39
DA:144,10
FN:144,MockAggregatorV3.latestRoundData
FNDA:10,MockAggregatorV3.latestRoundData
DA:155,10
DA:158,5
FN:158,MockAggregatorV3.decimals
FNDA:5,MockAggregatorV3.decimals
DA:159,5
DA:163,1
FN:163,MockAggregatorV3.setAnswer
FNDA:1,MockAggregatorV3.setAnswer
DA:164,1
DA:165,1
DA:168,0
FN:168,MockAggregatorV3.setDecimals
FNDA:0,MockAggregatorV3.setDecimals
DA:169,0
FNF:23
FNH:13
LF:58
LH:39
BRF:6
BRH:1
end_of_record
