TN:
SF:src/faucet/Faucet.sol
DA:47,22
FN:47,Faucet.constructor
FNDA:22,Faucet.constructor
DA:48,22
DA:49,22
DA:53,1301
FN:53,Faucet.claim
FNDA:1301,Faucet.claim
DA:54,1044
BRDA:54,0,0,1
DA:55,1043
BRDA:55,1,0,1
DA:57,1042
DA:58,1042
DA:59,1042
BRDA:59,2,0,1
DA:61,1041
DA:62,1041
DA:64,3
BRDA:64,3,0,3
DA:65,3
BRDA:65,4,0,-
DA:66,3
BRDA:66,5,0,1
DA:69,1040
DA:70,1040
BRDA:70,6,0,257
DA:71,783
BRDA:71,7,0,1
DA:72,1
DA:75,782
DA:76,782
BRDA:76,8,0,1
DA:78,781
DA:80,781
DA:81,781
DA:83,781
DA:84,781
DA:88,26
FN:88,Faucet.setCooldown
FNDA:26,Faucet.setCooldown
DA:89,26
BRDA:89,9,0,1
DA:90,25
DA:91,25
DA:95,89
FN:95,Faucet.setPerClaim
FNDA:89,Faucet.setPerClaim
DA:96,89
DA:97,89
DA:101,69
FN:101,Faucet.setDailyCap
FNDA:69,Faucet.setDailyCap
DA:102,69
DA:103,69
DA:104,69
DA:108,1
FN:108,Faucet.pause
FNDA:1,Faucet.pause
DA:109,1
DA:113,1
FN:113,Faucet.unpause
FNDA:1,Faucet.unpause
DA:114,1
DA:118,3
FN:118,Faucet.systemRemainingToday
FNDA:3,Faucet.systemRemainingToday
DA:119,3
DA:120,3
DA:121,3
BRDA:121,10,0,1
DA:122,1
DA:125,2
DA:126,2
DA:127,2
DA:131,5
FN:131,Faucet.nextAvailableAt
FNDA:5,Faucet.nextAvailableAt
DA:132,5
DA:133,5
BRDA:133,11,0,1
DA:134,1
DA:137,4
DA:138,4
DA:139,4
DA:143,1
FN:143,Faucet.perClaim
FNDA:1,Faucet.perClaim
DA:144,1
DA:148,1
FN:148,Faucet.cooldownSec
FNDA:1,Faucet.cooldownSec
DA:149,1
DA:153,1
FN:153,Faucet.paidPassEnabled
FNDA:1,Faucet.paidPassEnabled
DA:154,1
DA:158,2
FN:158,Faucet.passPriceEth
FNDA:2,Faucet.passPriceEth
DA:159,2
DA:163,2
FN:163,Faucet.hasActivePass
FNDA:2,Faucet.hasActivePass
DA:164,2
DA:165,2
DA:169,2
FN:169,Faucet.blacklistEnabled
FNDA:2,Faucet.blacklistEnabled
DA:170,2
DA:174,2
FN:174,Faucet.isBlacklisted
FNDA:2,Faucet.isBlacklisted
DA:175,2
DA:179,7
FN:179,Faucet.buyDailyPass
FNDA:7,Faucet.buyDailyPass
DA:180,7
BRDA:180,13,0,1
DA:181,6
DA:182,6
BRDA:182,14,0,-
DA:184,6
DA:185,6
BRDA:185,15,0,1
DA:186,5
BRDA:186,16,0,1
DA:188,4
BRDA:188,17,0,2
DA:189,2
DA:190,2
BRDA:190,18,0,1
DA:193,3
DA:194,3
DA:198,3
FN:198,Faucet.fundVault
FNDA:3,Faucet.fundVault
DA:199,2
BRDA:199,19,0,1
DA:200,1
DA:201,1
DA:205,6
FN:205,Faucet.setPaidPass
FNDA:6,Faucet.setPaidPass
DA:206,6
BRDA:206,20,0,1
DA:207,5
DA:208,5
DA:210,5
DA:211,5
DA:215,2
FN:215,Faucet.setPassPriceEth
FNDA:2,Faucet.setPassPriceEth
DA:216,2
BRDA:216,21,0,1
DA:217,1
DA:218,1
DA:222,2
FN:222,Faucet.setBlacklistEnabled
FNDA:2,Faucet.setBlacklistEnabled
DA:223,2
DA:224,2
DA:228,3
FN:228,Faucet.setBlacklisted
FNDA:3,Faucet.setBlacklisted
DA:229,3
DA:230,3
DA:231,3
DA:234,1041
FN:234,Faucet._resetDailyCounter
FNDA:1041,Faucet._resetDailyCounter
DA:235,1041
BRDA:235,22,0,3
DA:236,3
DA:237,3
DA:241,1
FN:241,Faucet.supportsInterface
FNDA:1,Faucet.supportsInterface
DA:242,1
FNF:24
FNH:24
LF:109
LH:109
BRF:22
BRH:20
end_of_record
TN:
SF:test/Faucet.t.sol
DA:42,89
FN:42,MintableTestToken.constructor
FNDA:89,MintableTestToken.constructor
DA:45,89
DA:48,0
FN:48,MintableTestToken.decimals
FNDA:0,MintableTestToken.decimals
DA:49,0
DA:52,90
FN:52,MintableTestToken.mint
FNDA:90,MintableTestToken.mint
DA:53,90
DA:61,1
FN:61,ReturnFalseToken.transfer
FNDA:1,ReturnFalseToken.transfer
DA:62,1
DA:63,1
BRDA:63,0,0,-
BRDA:63,0,1,1
DA:64,1
DA:67,0
FN:67,ReturnFalseToken.transferFrom
FNDA:0,ReturnFalseToken.transferFrom
DA:68,0
DA:69,0
BRDA:69,1,0,-
BRDA:69,1,1,-
DA:70,0
DA:80,22
FN:80,ReentrantToken.constructor
FNDA:22,ReentrantToken.constructor
DA:81,22
DA:84,256
FN:84,ReentrantToken.setTarget
FNDA:256,ReentrantToken.setTarget
DA:85,256
DA:88,256
FN:88,ReentrantToken.reset
FNDA:256,ReentrantToken.reset
DA:89,256
DA:92,278
FN:92,ReentrantToken._update
FNDA:278,ReentrantToken._update
DA:93,278
DA:94,278
BRDA:94,0,0,256
DA:95,256
DA:96,256
DA:106,256
FN:106,ReentrancyAttacker.constructor
FNDA:256,ReentrancyAttacker.constructor
DA:107,256
DA:108,256
DA:111,256
FN:111,ReentrancyAttacker.attack
FNDA:256,ReentrancyAttacker.attack
DA:112,256
DA:117,1
FN:117,RefundRejector.buy
FNDA:1,RefundRejector.buy
DA:118,1
DA:121,1
FN:121,RefundRejector.receive
FNDA:1,RefundRejector.receive
DA:122,1
FNF:13
FNH:11
LF:34
LH:28
BRF:5
BRH:2
end_of_record
